<?xml version="1.0" encoding="UTF-8"?>
<!-- Generated by org.testng.reporters.JUnitReportReporter -->
<testsuite hostname="Kishan" failures="0" tests="1" name="usersOfFanCodeCity.TodoTasks" time="2.844" errors="0" timestamp="2024-06-01T13:27:37 IST" skipped="0">
  <testcase classname="usersOfFanCodeCity.TodoTasks" name="test" time="2.844"/>
  <system-out/>
</testsuite> <!-- usersOfFanCodeCity.TodoTasks -->
