<?xml version="1.0" encoding="UTF-8"?>
<!-- Generated by org.testng.reporters.JUnitReportReporter -->
<testsuite hostname="Kishan" failures="0" tests="1" name="com.typicode.fancode.test.TodoTasks" time="2.236" errors="0" timestamp="2024-06-01T17:20:45 IST" skipped="0">
  <testcase classname="com.typicode.fancode.test.TodoTasks" name="test" time="2.236"/>
  <system-out/>
</testsuite> <!-- com.typicode.fancode.test.TodoTasks -->
